Looking for git in: git
Using git 2.17.1 from git
> git rev-parse --show-toplevel
> git rev-parse --git-dir
> git config --get commit.template
Open repository: /home/eloy/Documents/reactAuctionWeb/auctions-portal
> git status -z -u
> git symbolic-ref --short HEAD
> git rev-parse master
> git rev-parse --symbolic-full-name master@{u}
fatal: no upstream configured for branch 'master'
> git for-each-ref --format %(refname) %(objectname) --sort -committerdate
> git remote --verbose
> git check-ignore -v -z --stdin
> git check-ignore -v -z --stdin
> git check-ignore -v -z --stdin
> git show :src/components/Bid.js
> git ls-files --stage -- src/components/
> git show :src/components/Detail.js
> git ls-files --stage -- src/components/
> git show :src/components/Bid.js
> git ls-files --stage -- src/components/
> git show :src/components/Detail.js
> git ls-files --stage -- src/components/
> git show :src/components/Bid.js
> git ls-files --stage -- src/components/
> git show :src/components/Detail.js
> git ls-files --stage -- src/components/
> git show :src/components/Bid.js
> git ls-files --stage -- src/components/
> git show :src/components/Detail.js
> git ls-files --stage -- src/components/
> git show :src/components/Bid.js
> git ls-files --stage -- src/components/
> git show :src/components/Detail.js
> git ls-files --stage -- src/components/
> git show :src/components/Bid.js
> git ls-files --stage -- src/components/
